{
  "RSpec": {
    "coverage": {
      "/Users/stephentilley/projects/week10/bank/spec/account_spec.rb": [
        1,
        null,
        1,
        11,
        10,
        2,
        null,
        1,
        1,
        1,
        null,
        null,
        1,
        1,
        null,
        null,
        1,
        1,
        null,
        null,
        null,
        1,
        1,
        1,
        1,
        null,
        null,
        1,
        1,
        1,
        null,
        null,
        1,
        1,
        1,
        null,
        null,
        null,
        1,
        1,
        1,
        1,
        null,
        null,
        1,
        1,
        1,
        null,
        null,
        1,
        1,
        1,
        null,
        null,
        null,
        1,
        1,
        1,
        1,
        null,
        null,
        null
      ],
      "/Users/stephentilley/projects/week10/bank/lib/account.rb": [
        1,
        1,
        null,
        1,
        null,
        1,
        10,
        10,
        10,
        null,
        null,
        1,
        3,
        3,
        null,
        null,
        1,
        3,
        3,
        null,
        null,
        1,
        0,
        0,
        null,
        null
      ],
      "/Users/stephentilley/projects/week10/bank/spec/statement_spec.rb": [
        1,
        1,
        null,
        1,
        2,
        2,
        2,
        2,
        null,
        2,
        null,
        1,
        1,
        2,
        null,
        null,
        null,
        null,
        null,
        null,
        null
      ],
      "/Users/stephentilley/projects/week10/bank/lib/statement.rb": [
        1,
        1,
        1,
        1,
        2,
        1,
        null,
        1,
        null,
        null,
        null,
        null
      ],
      "/Users/stephentilley/projects/week10/bank/spec/transaction_spec.rb": [
        1,
        1,
        null,
        1,
        5,
        null,
        5,
        null,
        1,
        1,
        1,
        null,
        null,
        1,
        1,
        null,
        null,
        1,
        1,
        null,
        null,
        1,
        1,
        null,
        null,
        null
      ],
      "/Users/stephentilley/projects/week10/bank/lib/transaction.rb": [
        1,
        1,
        null,
        1,
        4,
        4,
        4,
        4,
        null,
        null
      ]
    },
    "timestamp": 1522140113
  }
}
